<?xml version="1.0" encoding="UTF-8"?>
<!-- Generated by org.testng.reporters.JUnitReportReporter -->
<testsuite hostname="Rahul" failures="0" tests="2" name="api_auto.HTTPSRequest" time="2.742" errors="0" timestamp="2024-02-01T21:50:23 IST" skipped="0">
  <testcase classname="api_auto.HTTPSRequest" name="getUsers" time="1.490"/>
  <system-out/>
  <testcase classname="api_auto.HTTPSRequest" name="createUser" time="1.252"/>
  <system-out/>
</testsuite> <!-- api_auto.HTTPSRequest -->
